This is pdfTeX, Version 3.14159265-2.6-1.40.16 (TeX Live 2015) (preloaded format=pdflatex 2016.4.15)  30 APR 2019 16:42
entering extended mode
 restricted \write18 enabled.
 file:line:error style messages enabled.
 %&-line parsing enabled.
**"Kinks with Long Range Interactions.tex"
(./Kinks with Long Range Interactions.tex
LaTeX2e <2015/01/01>
Babel <3.9l> and hyphenation patterns for 79 languages loaded.
(/usr/local/texlive/2015/texmf-dist/tex/latex/base/article.cls
Document Class: article 2014/09/29 v1.4h Standard LaTeX document class
(/usr/local/texlive/2015/texmf-dist/tex/latex/base/size11.clo
File: size11.clo 2014/09/29 v1.4h Standard LaTeX file (size option)
)
\c@part=\count79
\c@section=\count80
\c@subsection=\count81
\c@subsubsection=\count82
\c@paragraph=\count83
\c@subparagraph=\count84
\c@figure=\count85
\c@table=\count86
\abovecaptionskip=\skip41
\belowcaptionskip=\skip42
\bibindent=\dimen102
)
(/usr/local/texlive/2015/texmf-dist/tex/latex/geometry/geometry.sty
Package: geometry 2010/09/12 v5.6 Page Geometry

(/usr/local/texlive/2015/texmf-dist/tex/latex/graphics/keyval.sty
Package: keyval 2014/10/28 v1.15 key=value parser (DPC)
\KV@toks@=\toks14
)
(/usr/local/texlive/2015/texmf-dist/tex/generic/oberdiek/ifpdf.sty
Package: ifpdf 2011/01/30 v2.3 Provides the ifpdf switch (HO)
Package ifpdf Info: pdfTeX in PDF mode is detected.
)
(/usr/local/texlive/2015/texmf-dist/tex/generic/oberdiek/ifvtex.sty
Package: ifvtex 2010/03/01 v1.5 Detect VTeX and its facilities (HO)
Package ifvtex Info: VTeX not detected.
)
(/usr/local/texlive/2015/texmf-dist/tex/generic/ifxetex/ifxetex.sty
Package: ifxetex 2010/09/12 v0.6 Provides ifxetex conditional
)
\Gm@cnth=\count87
\Gm@cntv=\count88
\c@Gm@tempcnt=\count89
\Gm@bindingoffset=\dimen103
\Gm@wd@mp=\dimen104
\Gm@odd@mp=\dimen105
\Gm@even@mp=\dimen106
\Gm@layoutwidth=\dimen107
\Gm@layoutheight=\dimen108
\Gm@layouthoffset=\dimen109
\Gm@layoutvoffset=\dimen110
\Gm@dimlist=\toks15
)
(/usr/local/texlive/2015/texmf-dist/tex/latex/graphics/graphicx.sty
Package: graphicx 2014/10/28 v1.0g Enhanced LaTeX Graphics (DPC,SPQR)

(/usr/local/texlive/2015/texmf-dist/tex/latex/graphics/graphics.sty
Package: graphics 2014/10/28 v1.0p Standard LaTeX Graphics (DPC,SPQR)

(/usr/local/texlive/2015/texmf-dist/tex/latex/graphics/trig.sty
Package: trig 1999/03/16 v1.09 sin cos tan (DPC)
)
(/usr/local/texlive/2015/texmf-dist/tex/latex/latexconfig/graphics.cfg
File: graphics.cfg 2010/04/23 v1.9 graphics configuration of TeX Live
)
Package graphics Info: Driver file: pdftex.def on input line 94.

(/usr/local/texlive/2015/texmf-dist/tex/latex/pdftex-def/pdftex.def
File: pdftex.def 2011/05/27 v0.06d Graphics/color for pdfTeX

(/usr/local/texlive/2015/texmf-dist/tex/generic/oberdiek/infwarerr.sty
Package: infwarerr 2010/04/08 v1.3 Providing info/warning/error messages (HO)
)
(/usr/local/texlive/2015/texmf-dist/tex/generic/oberdiek/ltxcmds.sty
Package: ltxcmds 2011/11/09 v1.22 LaTeX kernel commands for general use (HO)
)
\Gread@gobject=\count90
))
\Gin@req@height=\dimen111
\Gin@req@width=\dimen112
)
(/usr/local/texlive/2015/texmf-dist/tex/latex/amsmath/amsmath.sty
Package: amsmath 2013/01/14 v2.14 AMS math features
\@mathmargin=\skip43

For additional information on amsmath, use the `?' option.
(/usr/local/texlive/2015/texmf-dist/tex/latex/amsmath/amstext.sty
Package: amstext 2000/06/29 v2.01

(/usr/local/texlive/2015/texmf-dist/tex/latex/amsmath/amsgen.sty
File: amsgen.sty 1999/11/30 v2.0
\@emptytoks=\toks16
\ex@=\dimen113
))
(/usr/local/texlive/2015/texmf-dist/tex/latex/amsmath/amsbsy.sty
Package: amsbsy 1999/11/29 v1.2d
\pmbraise@=\dimen114
)
(/usr/local/texlive/2015/texmf-dist/tex/latex/amsmath/amsopn.sty
Package: amsopn 1999/12/14 v2.01 operator names
)
\inf@bad=\count91
LaTeX Info: Redefining \frac on input line 210.
\uproot@=\count92
\leftroot@=\count93
LaTeX Info: Redefining \overline on input line 306.
\classnum@=\count94
\DOTSCASE@=\count95
LaTeX Info: Redefining \ldots on input line 378.
LaTeX Info: Redefining \dots on input line 381.
LaTeX Info: Redefining \cdots on input line 466.
\Mathstrutbox@=\box26
\strutbox@=\box27
\big@size=\dimen115
LaTeX Font Info:    Redeclaring font encoding OML on input line 566.
LaTeX Font Info:    Redeclaring font encoding OMS on input line 567.
\macc@depth=\count96
\c@MaxMatrixCols=\count97
\dotsspace@=\muskip10
\c@parentequation=\count98
\dspbrk@lvl=\count99
\tag@help=\toks17
\row@=\count100
\column@=\count101
\maxfields@=\count102
\andhelp@=\toks18
\eqnshift@=\dimen116
\alignsep@=\dimen117
\tagshift@=\dimen118
\tagwidth@=\dimen119
\totwidth@=\dimen120
\lineht@=\dimen121
\@envbody=\toks19
\multlinegap=\skip44
\multlinetaggap=\skip45
\mathdisplay@stack=\toks20
LaTeX Info: Redefining \[ on input line 2665.
LaTeX Info: Redefining \] on input line 2666.
)
(/usr/local/texlive/2015/texmf-dist/tex/latex/tools/multicol.sty
Package: multicol 2015/03/31 v1.8m multicolumn formatting (FMi)
\c@tracingmulticols=\count103
\mult@box=\box28
\multicol@leftmargin=\dimen122
\c@unbalance=\count104
\c@collectmore=\count105
\doublecol@number=\count106
\multicoltolerance=\count107
\multicolpretolerance=\count108
\full@width=\dimen123
\page@free=\dimen124
\premulticols=\dimen125
\postmulticols=\dimen126
\multicolsep=\skip46
\multicolbaselineskip=\skip47
\partial@page=\box29
\last@line=\box30
\maxbalancingoverflow=\dimen127
\mult@rightbox=\box31
\mult@grightbox=\box32
\mult@gfirstbox=\box33
\mult@firstbox=\box34
\@tempa=\box35
\@tempa=\box36
\@tempa=\box37
\@tempa=\box38
\@tempa=\box39
\@tempa=\box40
\@tempa=\box41
\@tempa=\box42
\@tempa=\box43
\@tempa=\box44
\@tempa=\box45
\@tempa=\box46
\@tempa=\box47
\@tempa=\box48
\@tempa=\box49
\@tempa=\box50
\@tempa=\box51
\c@columnbadness=\count109
\c@finalcolumnbadness=\count110
\last@try=\dimen128
\multicolovershoot=\dimen129
\multicolundershoot=\dimen130
\mult@nat@firstbox=\box52
\colbreak@box=\box53
\mc@col@check@num=\count111
)
(/usr/local/texlive/2015/texmf-dist/tex/latex/base/inputenc.sty
Package: inputenc 2015/03/17 v1.2c Input encoding file
\inpenc@prehook=\toks21
\inpenc@posthook=\toks22

(/usr/local/texlive/2015/texmf-dist/tex/latex/base/latin1.def
File: latin1.def 2015/03/17 v1.2c Input encoding file
))
(/usr/local/texlive/2015/texmf-dist/tex/latex/amsfonts/amssymb.sty
Package: amssymb 2013/01/14 v3.01 AMS font symbols

(/usr/local/texlive/2015/texmf-dist/tex/latex/amsfonts/amsfonts.sty
Package: amsfonts 2013/01/14 v3.01 Basic AMSFonts support
\symAMSa=\mathgroup4
\symAMSb=\mathgroup5
LaTeX Font Info:    Overwriting math alphabet `\mathfrak' in version `bold'
(Font)                  U/euf/m/n --> U/euf/b/n on input line 106.
))
(/usr/local/texlive/2015/texmf-dist/tex/latex/wrapfig/wrapfig.sty
\wrapoverhang=\dimen131
\WF@size=\dimen132
\c@WF@wrappedlines=\count112
\WF@box=\box54
\WF@everypar=\toks23
Package: wrapfig 2003/01/31  v 3.6
)
(/usr/local/texlive/2015/texmf-dist/tex/latex/caption/caption.sty
Package: caption 2013/05/02 v3.3-89 Customizing captions (AR)

(/usr/local/texlive/2015/texmf-dist/tex/latex/caption/caption3.sty
Package: caption3 2013/05/02 v1.6-88 caption3 kernel (AR)
Package caption3 Info: TeX engine: e-TeX on input line 57.
\captionmargin=\dimen133
\captionmargin@=\dimen134
\captionwidth=\dimen135
\caption@tempdima=\dimen136
\caption@indent=\dimen137
\caption@parindent=\dimen138
\caption@hangindent=\dimen139
)
\c@ContinuedFloat=\count113
Package caption Info: wrapfig package is loaded.
)
(./Kinks with Long Range Interactions.aux)
\openout1 = `"Kinks with Long Range Interactions.aux"'.

LaTeX Font Info:    Checking defaults for OML/cmm/m/it on input line 29.
LaTeX Font Info:    ... okay on input line 29.
LaTeX Font Info:    Checking defaults for T1/cmr/m/n on input line 29.
LaTeX Font Info:    ... okay on input line 29.
LaTeX Font Info:    Checking defaults for OT1/cmr/m/n on input line 29.
LaTeX Font Info:    ... okay on input line 29.
LaTeX Font Info:    Checking defaults for OMS/cmsy/m/n on input line 29.
LaTeX Font Info:    ... okay on input line 29.
LaTeX Font Info:    Checking defaults for OMX/cmex/m/n on input line 29.
LaTeX Font Info:    ... okay on input line 29.
LaTeX Font Info:    Checking defaults for U/cmr/m/n on input line 29.
LaTeX Font Info:    ... okay on input line 29.

*geometry* driver: auto-detecting
*geometry* detected driver: pdftex
*geometry* verbose mode - [ preamble ] result:
* driver: pdftex
* paper: a4paper
* layout: <same size as paper>
* layoutoffset:(h,v)=(0.0pt,0.0pt)
* modes: 
* h-part:(L,W,R)=(56.9055pt, 483.69687pt, 56.9055pt)
* v-part:(T,H,B)=(85.35826pt, 645.87756pt, 113.81102pt)
* \paperwidth=597.50787pt
* \paperheight=845.04684pt
* \textwidth=483.69687pt
* \textheight=645.87756pt
* \oddsidemargin=-15.36449pt
* \evensidemargin=-15.36449pt
* \topmargin=-40.36447pt
* \headheight=28.45274pt
* \headsep=25.0pt
* \topskip=11.0pt
* \footskip=30.0pt
* \marginparwidth=59.0pt
* \marginparsep=10.0pt
* \columnsep=10.0pt
* \skip\footins=10.0pt plus 4.0pt minus 2.0pt
* \hoffset=0.0pt
* \voffset=0.0pt
* \mag=1000
* \@twocolumnfalse
* \@twosidefalse
* \@mparswitchfalse
* \@reversemarginfalse
* (1in=72.27pt=25.4mm, 1cm=28.453pt)

(/usr/local/texlive/2015/texmf-dist/tex/context/base/supp-pdf.mkii
[Loading MPS to PDF converter (version 2006.09.02).]
\scratchcounter=\count114
\scratchdimen=\dimen140
\scratchbox=\box55
\nofMPsegments=\count115
\nofMParguments=\count116
\everyMPshowfont=\toks24
\MPscratchCnt=\count117
\MPscratchDim=\dimen141
\MPnumerator=\count118
\makeMPintoPDFobject=\count119
\everyMPtoPDFconversion=\toks25
) (/usr/local/texlive/2015/texmf-dist/tex/generic/oberdiek/pdftexcmds.sty
Package: pdftexcmds 2011/11/29 v0.20 Utility functions of pdfTeX for LuaTeX (HO
)

(/usr/local/texlive/2015/texmf-dist/tex/generic/oberdiek/ifluatex.sty
Package: ifluatex 2010/03/01 v1.3 Provides the ifluatex switch (HO)
Package ifluatex Info: LuaTeX not detected.
)
Package pdftexcmds Info: LuaTeX not detected.
Package pdftexcmds Info: \pdf@primitive is available.
Package pdftexcmds Info: \pdf@ifprimitive is available.
Package pdftexcmds Info: \pdfdraftmode found.
)
(/usr/local/texlive/2015/texmf-dist/tex/latex/oberdiek/epstopdf-base.sty
Package: epstopdf-base 2010/02/09 v2.5 Base part for package epstopdf

(/usr/local/texlive/2015/texmf-dist/tex/latex/oberdiek/grfext.sty
Package: grfext 2010/08/19 v1.1 Manage graphics extensions (HO)

(/usr/local/texlive/2015/texmf-dist/tex/generic/oberdiek/kvdefinekeys.sty
Package: kvdefinekeys 2011/04/07 v1.3 Define keys (HO)
))
(/usr/local/texlive/2015/texmf-dist/tex/latex/oberdiek/kvoptions.sty
Package: kvoptions 2011/06/30 v3.11 Key value format for package options (HO)

(/usr/local/texlive/2015/texmf-dist/tex/generic/oberdiek/kvsetkeys.sty
Package: kvsetkeys 2012/04/25 v1.16 Key value parser (HO)

(/usr/local/texlive/2015/texmf-dist/tex/generic/oberdiek/etexcmds.sty
Package: etexcmds 2011/02/16 v1.5 Avoid name clashes with e-TeX commands (HO)
Package etexcmds Info: Could not find \expanded.
(etexcmds)             That can mean that you are not using pdfTeX 1.50 or
(etexcmds)             that some package has redefined \expanded.
(etexcmds)             In the latter case, load this package earlier.
)))
Package grfext Info: Graphics extension search list:
(grfext)             [.png,.pdf,.jpg,.mps,.jpeg,.jbig2,.jb2,.PNG,.PDF,.JPG,.JPE
G,.JBIG2,.JB2,.eps]
(grfext)             \AppendGraphicsExtensions on input line 452.

(/usr/local/texlive/2015/texmf-dist/tex/latex/latexconfig/epstopdf-sys.cfg
File: epstopdf-sys.cfg 2010/07/13 v1.3 Configuration of (r)epstopdf for TeX Liv
e
))
Package caption Info: Begin \AtBeginDocument code.
Package caption Info: End \AtBeginDocument code.
LaTeX Font Info:    Try loading font information for U+msa on input line 30.

(/usr/local/texlive/2015/texmf-dist/tex/latex/amsfonts/umsa.fd
File: umsa.fd 2013/01/14 v3.01 AMS symbols A
)
LaTeX Font Info:    Try loading font information for U+msb on input line 30.

(/usr/local/texlive/2015/texmf-dist/tex/latex/amsfonts/umsb.fd
File: umsb.fd 2013/01/14 v3.01 AMS symbols B
)
LaTeX Font Info:    Try loading font information for OMS+cmr on input line 36.

(/usr/local/texlive/2015/texmf-dist/tex/latex/base/omscmr.fd
File: omscmr.fd 2014/09/29 v2.5h Standard LaTeX font definitions
)
LaTeX Font Info:    Font shape `OMS/cmr/m/n' in size <10.95> not available
(Font)              Font shape `OMS/cmsy/m/n' tried instead on input line 36.
 [1

{/usr/local/texlive/2015/texmf-var/fonts/map/pdftex/updmap/pdftex.map}]
<phi4_potential.png, id=15, 838.332pt x 315.8199pt>
File: phi4_potential.png Graphic file (type png)
 <use phi4_potential.png>
Package pdftex.def Info: phi4_potential.png used on input line 71.
(pdftex.def)             Requested size: 386.95897pt x 145.77527pt.

[2 <./phi4_potential.png>] <phi8_potential.png, id=22, 462.528pt x 346.1733pt>
File: phi8_potential.png Graphic file (type png)

<use phi8_potential.png>
Package pdftex.def Info: phi8_potential.png used on input line 79.
(pdftex.def)             Requested size: 217.66211pt x 162.90747pt.
 [3 <./phi8_potential.png>]
<phi8_kink.png, id=28, 462.528pt x 346.896pt>
File: phi8_kink.png Graphic file (type png)
 <use phi8_kink.png>
Package pdftex.def Info: phi8_kink.png used on input line 123.
(pdftex.def)             Requested size: 203.1518pt x 152.36475pt.

<mech_kink.png, id=29, 1365.1pt x 1128.215pt>
File: mech_kink.png Graphic file (type png)
 <use mech_kink.png>
Package pdftex.def Info: mech_kink.png used on input line 143.
(pdftex.def)             Requested size: 217.66211pt x 179.88112pt.
 [4 <./phi8_kink.png>] <kink-kink_init.png, id=35, 667.7748pt x 429.2838pt>
File: kink-kink_init.png Graphic file (type png)

<use kink-kink_init.png>
Package pdftex.def Info: kink-kink_init.png used on input line 157.
(pdftex.def)             Requested size: 241.84843pt x 155.47218pt.
 [5 <./mech_kink.png> <./kink-kink_init.png>] [6]
<asym_tails.png, id=45, 865.0719pt x 348.3414pt>
File: asym_tails.png Graphic file (type png)
 <use asym_tails.png>
Package pdftex.def Info: asym_tails.png used on input line 198.
(pdftex.def)             Requested size: 435.32422pt x 175.29178pt.
 [7 <./asym_tails.png>] <field_ansatze.png, id=51, 1040.688pt x 336.7782pt>
File: field_ansatze.png Graphic file (type png)

<use field_ansatze.png>
Package pdftex.def Info: field_ansatze.png used on input line 247.
(pdftex.def)             Requested size: 483.69687pt x 156.53343pt.
 [8] [9 <./field_ansatze.png>]
<field_values.png, id=62, 5781.6pt x 1445.4pt>
File: field_values.png Graphic file (type png)
 <use field_values.png>
Package pdftex.def Info: field_values.png used on input line 269.
(pdftex.def)             Requested size: 483.69687pt x 120.9055pt.

<force25.pdf, id=63, 462.52798pt x 346.89601pt>
File: force25.pdf Graphic file (type pdf)
 <use force25.pdf>
Package pdftex.def Info: force25.pdf used on input line 279.
(pdftex.def)             Requested size: 145.11053pt x 108.83348pt.

<force50.pdf, id=64, 462.52798pt x 346.89601pt>
File: force50.pdf Graphic file (type pdf)
 <use force50.pdf>
Package pdftex.def Info: force50.pdf used on input line 280.
(pdftex.def)             Requested size: 145.11053pt x 108.83348pt.

<force65.pdf, id=65, 462.52798pt x 346.89601pt>
File: force65.pdf Graphic file (type pdf)
 <use force65.pdf>
Package pdftex.def Info: force65.pdf used on input line 281.
(pdftex.def)             Requested size: 145.11053pt x 108.83348pt.
 [10 <./field_values.png>] <over_under.png, id=70, 462.528pt x 346.896pt>
File: over_under.png Graphic file (type png)

<use over_under.png>
Package pdftex.def Info: over_under.png used on input line 294.
(pdftex.def)             Requested size: 241.84843pt x 181.38736pt.
 [11 <./force25.pdf> <./force50.pdf

pdfTeX warning: /Library/TeX/texbin/pdflatex (file ./force50.pdf): PDF inclusio
n: multiple pdfs with page group included in a single page
> <./force65.pdf

pdfTeX warning: /Library/TeX/texbin/pdflatex (file ./force65.pdf): PDF inclusio
n: multiple pdfs with page group included in a single page
> <./over_under.png>]
<force_distance_trick.png, id=178, 821.7099pt x 264.5082pt>
File: force_distance_trick.png Graphic file (type png)

<use force_distance_trick.png>
Package pdftex.def Info: force_distance_trick.png used on input line 303.
(pdftex.def)             Requested size: 435.32422pt x 140.13216pt.
 [12 <./force_distance_trick.png>]
<wavepacket.png, id=183, 613.5723pt x 275.3487pt>
File: wavepacket.png Graphic file (type png)
 <use wavepacket.png>
Package pdftex.def Info: wavepacket.png used on input line 345.
(pdftex.def)             Requested size: 241.84843pt x 108.53255pt.
 [13]
<kink_rad_init.png, id=188, 1040.688pt x 340.3917pt>
File: kink_rad_init.png Graphic file (type png)
 <use kink_rad_init.png>
Package pdftex.def Info: kink_rad_init.png used on input line 361.
(pdftex.def)             Requested size: 386.95897pt x 126.56622pt.

[14 <./wavepacket.png> <./kink_rad_init.png>]
<MomentumDensityk15Massive.pdf, id=194, 462.52798pt x 346.89601pt>
File: MomentumDensityk15Massive.pdf Graphic file (type pdf)

<use MomentumDensityk15Massive.pdf>
Package pdftex.def Info: MomentumDensityk15Massive.pdf used on input line 367.
(pdftex.def)             Requested size: 145.11053pt x 108.83348pt.

<MomentumDensityk20Massive.pdf, id=195, 462.52798pt x 346.89601pt>
File: MomentumDensityk20Massive.pdf Graphic file (type pdf)

<use MomentumDensityk20Massive.pdf>
Package pdftex.def Info: MomentumDensityk20Massive.pdf used on input line 368.
(pdftex.def)             Requested size: 145.11053pt x 108.83348pt.

<MomentumDensityk275Massive.pdf, id=196, 462.52798pt x 346.89601pt>
File: MomentumDensityk275Massive.pdf Graphic file (type pdf)

<use MomentumDensityk275Massive.pdf>
Package pdftex.def Info: MomentumDensityk275Massive.pdf used on input line 369.

(pdftex.def)             Requested size: 145.11053pt x 108.83348pt.

<MomentumDensityk15Massless.pdf, id=197, 462.52798pt x 346.89601pt>
File: MomentumDensityk15Massless.pdf Graphic file (type pdf)

<use MomentumDensityk15Massless.pdf>
Package pdftex.def Info: MomentumDensityk15Massless.pdf used on input line 370.

(pdftex.def)             Requested size: 145.11053pt x 108.83348pt.

<MomentumDensityk20Massless.pdf, id=198, 462.52798pt x 346.89601pt>
File: MomentumDensityk20Massless.pdf Graphic file (type pdf)

<use MomentumDensityk20Massless.pdf>
Package pdftex.def Info: MomentumDensityk20Massless.pdf used on input line 371.

(pdftex.def)             Requested size: 145.11053pt x 108.83348pt.

<MomentumDensityk275Massless.pdf, id=199, 462.52798pt x 346.89601pt>
File: MomentumDensityk275Massless.pdf Graphic file (type pdf)

<use MomentumDensityk275Massless.pdf>
Package pdftex.def Info: MomentumDensityk275Massless.pdf used on input line 372
.
(pdftex.def)             Requested size: 145.11053pt x 108.83348pt.
 [15 <./MomentumDensityk15Massive.pdf> <./MomentumDensityk20Massive.pdf

pdfTeX warning: /Library/TeX/texbin/pdflatex (file ./MomentumDensityk20Massive.
pdf): PDF inclusion: multiple pdfs with page group included in a single page
> <./MomentumDensityk275Massive.pdf

pdfTeX warning: /Library/TeX/texbin/pdflatex (file ./MomentumDensityk275Massive
.pdf): PDF inclusion: multiple pdfs with page group included in a single page
> <./MomentumDensityk15Massless.pdf

pdfTeX warning: /Library/TeX/texbin/pdflatex (file ./MomentumDensityk15Massless
.pdf): PDF inclusion: multiple pdfs with page group included in a single page
> <./MomentumDensityk20Massless.pdf

pdfTeX warning: /Library/TeX/texbin/pdflatex (file ./MomentumDensityk20Massless
.pdf): PDF inclusion: multiple pdfs with page group included in a single page
> <./MomentumDensityk275Massless.pdf

pdfTeX warning: /Library/TeX/texbin/pdflatex (file ./MomentumDensityk275Massles
s.pdf): PDF inclusion: multiple pdfs with page group included in a single page
>] <mass_term.png, id=404, 513.117pt x 409.0482pt>
File: mass_term.png Graphic file (type png)
 <use mass_term.png>
Package pdftex.def Info: mass_term.png used on input line 403.
(pdftex.def)             Requested size: 217.66211pt x 173.5155pt.
 [16 <./mass_term.png>] [17] <force_left.png, id=413, 462.528pt x 346.896pt>
File: force_left.png Graphic file (type png)

<use force_left.png>
Package pdftex.def Info: force_left.png used on input line 471.
(pdftex.def)             Requested size: 193.47578pt x 145.10777pt.
 <force_right.png, id=414, 462.528pt x 346.896pt>
File: force_right.png Graphic file (type png)

<use force_right.png>
Package pdftex.def Info: force_right.png used on input line 472.
(pdftex.def)             Requested size: 193.47578pt x 145.10777pt.
 [18 <./force_left.png> <./force_right.png>]
<potential_averaged.png, id=420, 462.528pt x 346.896pt>
File: potential_averaged.png Graphic file (type png)

<use potential_averaged.png>
Package pdftex.def Info: potential_averaged.png used on input line 523.
(pdftex.def)             Requested size: 217.66211pt x 163.24757pt.
 [19] [20 <./potential_averaged.png>]
(./Kinks with Long Range Interactions.bbl [21])
<test_field_energy.png, id=433, 968.418pt x 369.2997pt>
File: test_field_energy.png Graphic file (type png)

<use test_field_energy.png>
Package pdftex.def Info: test_field_energy.png used on input line 560.
(pdftex.def)             Requested size: 435.32422pt x 166.00864pt.
 [22] [23 <./test_field_energy.png>]
(./Kinks with Long Range Interactions.aux)

LaTeX Warning: Label(s) may have changed. Rerun to get cross-references right.

 ) 
Here is how much of TeX's memory you used:
 4350 strings out of 493089
 65394 string characters out of 6134842
 139052 words of memory out of 5000000
 7741 multiletter control sequences out of 15000+600000
 14056 words of font info for 54 fonts, out of 8000000 for 9000
 1141 hyphenation exceptions out of 8191
 38i,11n,38p,2001b,297s stack positions out of 5000i,500n,10000p,200000b,80000s
</usr/local/texlive/2015/texmf-dist/fonts/type1/public/amsfonts/cm/cmbx10.pfb
></usr/local/texlive/2015/texmf-dist/fonts/type1/public/amsfonts/cm/cmbx12.pfb>
</usr/local/texlive/2015/texmf-dist/fonts/type1/public/amsfonts/cm/cmex10.pfb><
/usr/local/texlive/2015/texmf-dist/fonts/type1/public/amsfonts/cm/cmmi10.pfb></
usr/local/texlive/2015/texmf-dist/fonts/type1/public/amsfonts/cm/cmmi6.pfb></us
r/local/texlive/2015/texmf-dist/fonts/type1/public/amsfonts/cm/cmmi8.pfb></usr/
local/texlive/2015/texmf-dist/fonts/type1/public/amsfonts/cm/cmmi9.pfb></usr/lo
cal/texlive/2015/texmf-dist/fonts/type1/public/amsfonts/cm/cmr10.pfb></usr/loca
l/texlive/2015/texmf-dist/fonts/type1/public/amsfonts/cm/cmr12.pfb></usr/local/
texlive/2015/texmf-dist/fonts/type1/public/amsfonts/cm/cmr17.pfb></usr/local/te
xlive/2015/texmf-dist/fonts/type1/public/amsfonts/cm/cmr6.pfb></usr/local/texli
ve/2015/texmf-dist/fonts/type1/public/amsfonts/cm/cmr8.pfb></usr/local/texlive/
2015/texmf-dist/fonts/type1/public/amsfonts/cm/cmr9.pfb></usr/local/texlive/201
5/texmf-dist/fonts/type1/public/amsfonts/cm/cmsy10.pfb></usr/local/texlive/2015
/texmf-dist/fonts/type1/public/amsfonts/cm/cmsy8.pfb></usr/local/texlive/2015/t
exmf-dist/fonts/type1/public/amsfonts/cm/cmti10.pfb></usr/local/texlive/2015/te
xmf-dist/fonts/type1/public/amsfonts/cm/cmtt10.pfb></usr/local/texlive/2015/tex
mf-dist/fonts/type1/public/amsfonts/symbols/msam10.pfb>
Output written on "Kinks with Long Range Interactions.pdf" (23 pages, 1910774 b
ytes).
PDF statistics:
 499 PDF objects out of 1000 (max. 8388607)
 160 compressed objects within 2 object streams
 0 named destinations out of 1000 (max. 500000)
 131 words of extra memory for PDF output out of 10000 (max. 10000000)

